0 info it worked if it ends with ok
1 verbose cli [ '/home/rianby64/.nave/installed/7.4.0/bin/node',
1 verbose cli   '/home/rianby64/.nave/installed/7.4.0/bin/npm',
1 verbose cli   'start' ]
2 info using npm@4.0.5
3 info using node@v7.4.0
4 verbose run-script [ 'prestart', 'start', 'poststart' ]
5 info lifecycle d3-enter-exit-update-example@0.0.0~prestart: d3-enter-exit-update-example@0.0.0
6 verbose lifecycle d3-enter-exit-update-example@0.0.0~prestart: unsafe-perm in lifecycle true
7 verbose lifecycle d3-enter-exit-update-example@0.0.0~prestart: PATH: /home/rianby64/.nave/installed/7.4.0/lib/node_modules/npm/bin/node-gyp-bin:/home/rianby64/Testing/d3enexup/node_modules/.bin:/home/rianby64/.nave/installed/7.4.0/bin:/usr/lib64/qt-3.3/bin:/usr/local/bin:/usr/local/sbin:/usr/bin:/usr/sbin:/bin:/sbin:/home/rianby64/bin:/home/rianby64/bin
8 verbose lifecycle d3-enter-exit-update-example@0.0.0~prestart: CWD: /home/rianby64/Testing/d3enexup
9 silly lifecycle d3-enter-exit-update-example@0.0.0~prestart: Args: [ '-c', 'npm install' ]
10 silly lifecycle d3-enter-exit-update-example@0.0.0~prestart: Returned: code: 0  signal: null
11 info lifecycle d3-enter-exit-update-example@0.0.0~start: d3-enter-exit-update-example@0.0.0
12 verbose lifecycle d3-enter-exit-update-example@0.0.0~start: unsafe-perm in lifecycle true
13 verbose lifecycle d3-enter-exit-update-example@0.0.0~start: PATH: /home/rianby64/.nave/installed/7.4.0/lib/node_modules/npm/bin/node-gyp-bin:/home/rianby64/Testing/d3enexup/node_modules/.bin:/home/rianby64/.nave/installed/7.4.0/bin:/usr/lib64/qt-3.3/bin:/usr/local/bin:/usr/local/sbin:/usr/bin:/usr/sbin:/bin:/sbin:/home/rianby64/bin:/home/rianby64/bin
14 verbose lifecycle d3-enter-exit-update-example@0.0.0~start: CWD: /home/rianby64/Testing/d3enexup
15 silly lifecycle d3-enter-exit-update-example@0.0.0~start: Args: [ '-c', 'gulp' ]
16 silly lifecycle d3-enter-exit-update-example@0.0.0~start: Returned: code: 1  signal: null
17 info lifecycle d3-enter-exit-update-example@0.0.0~start: Failed to exec start script
18 verbose stack Error: d3-enter-exit-update-example@0.0.0 start: `gulp`
18 verbose stack Exit status 1
18 verbose stack     at EventEmitter.<anonymous> (/home/rianby64/.nave/installed/7.4.0/lib/node_modules/npm/lib/utils/lifecycle.js:279:16)
18 verbose stack     at emitTwo (events.js:106:13)
18 verbose stack     at EventEmitter.emit (events.js:191:7)
18 verbose stack     at ChildProcess.<anonymous> (/home/rianby64/.nave/installed/7.4.0/lib/node_modules/npm/lib/utils/spawn.js:40:14)
18 verbose stack     at emitTwo (events.js:106:13)
18 verbose stack     at ChildProcess.emit (events.js:191:7)
18 verbose stack     at maybeClose (internal/child_process.js:885:16)
18 verbose stack     at Process.ChildProcess._handle.onexit (internal/child_process.js:226:5)
19 verbose pkgid d3-enter-exit-update-example@0.0.0
20 verbose cwd /home/rianby64/Testing/d3enexup
21 error Linux 3.10.0-514.2.2.el7.x86_64
22 error argv "/home/rianby64/.nave/installed/7.4.0/bin/node" "/home/rianby64/.nave/installed/7.4.0/bin/npm" "start"
23 error node v7.4.0
24 error npm  v4.0.5
25 error code ELIFECYCLE
26 error d3-enter-exit-update-example@0.0.0 start: `gulp`
26 error Exit status 1
27 error Failed at the d3-enter-exit-update-example@0.0.0 start script 'gulp'.
27 error Make sure you have the latest version of node.js and npm installed.
27 error If you do, this is most likely a problem with the d3-enter-exit-update-example package,
27 error not with npm itself.
27 error Tell the author that this fails on your system:
27 error     gulp
27 error You can get information on how to open an issue for this project with:
27 error     npm bugs d3-enter-exit-update-example
27 error Or if that isn't available, you can get their info via:
27 error     npm owner ls d3-enter-exit-update-example
27 error There is likely additional logging output above.
28 verbose exit [ 1, true ]
